<?xml version="1.0" encoding="UTF-8"?>
<testsuite xmlns:xsi="http://www.w3.org/2001/XMLSchema-instance" xsi:noNamespaceSchemaLocation="https://maven.apache.org/surefire/maven-surefire-plugin/xsd/surefire-test-report-3.0.xsd" version="3.0" name="TestSuite" time="7.575" tests="5" errors="0" skipped="0" failures="3">
  <properties>
[...]
</properties>
  <testcase name="testTeacherRegister[Raj, raj@yopmail.com, john@123, 97931200000, 69366dad3e34b5e4dccc3c39|6965e6f1eaabe9581df9b031, 201](1)" classname="tests.TeacherRegisterTest" time="4.552">
    <system-out><![CDATA[Body:
{
    "password": "john@123",
    "courseIds": [
        "69366dad3e34b5e4dccc3c39",
        "6965e6f1eaabe9581df9b031"
    ],
    "phone": "97931200000",
    "name": "Raj",
    "email": "raj@yopmail.com"
}
HTTP/1.1 201 Created
Date: Thu, 05 Feb 2026 12:45:12 GMT
Server: Apache/2.4.52 (Ubuntu)
Content-Security-Policy: default-src 'self';script-src 'self' https://cdn.jsdelivr.net https://cdnjs.cloudflare.com https://ajax.googleapis.com https://cdn.datatables.net https://code.jquery.com;style-src 'self' 'unsafe-inline' https://cdn.jsdelivr.net https://cdnjs.cloudflare.com https://cdn.datatables.net;font-src 'self' https://cdn.jsdelivr.net https://cdnjs.cloudflare.com;img-src 'self' data: blob: https://cdn.jsdelivr.net;connect-src 'self';base-uri 'self';form-action 'self';frame-ancestors 'self';object-src 'none';script-src-attr 'none';upgrade-insecure-requests
Cross-Origin-Opener-Policy: same-origin
Cross-Origin-Resource-Policy: same-origin
Origin-Agent-Cluster: ?1
Referrer-Policy: no-referrer
Strict-Transport-Security: max-age=31536000; includeSubDomains
X-Content-Type-Options: nosniff
X-DNS-Prefetch-Control: off
X-Download-Options: noopen
X-Frame-Options: SAMEORIGIN
X-Permitted-Cross-Domain-Policies: none
X-XSS-Protection: 0
Access-Control-Allow-Origin: *
Content-Type: application/json; charset=utf-8
Content-Length: 429
ETag: W/"1ad-KFBZZurOrXJ9lNzXOjkIx3i5eWM"
Keep-Alive: timeout=5, max=100
Connection: Keep-Alive

{
    "message": "Teacher created",
    "teacher": {
        "name": "Raj",
        "email": "raj@yopmail.com",
        "phone": 97931200000,
        "courses": [
            "69366dad3e34b5e4dccc3c39",
            "6965e6f1eaabe9581df9b031"
        ],
        "password": "$2b$12$CgcQEbiwtb/p0nooS70wx.wRXcMYkghEtOOPkv3cdILjxnuqky.dW",
        "isActive": false,
        "commissionPercentage": 0,
        "balance": 0,
        "totalEarned": 0,
        "_id": "698490d749e4d2992cc6d903",
        "createdAt": "2026-02-05T12:45:11.316Z",
        "updatedAt": "2026-02-05T12:45:11.316Z",
        "__v": 0
    }
}
]]></system-out>
    <system-err><![CDATA[SLF4J: Failed to load class "org.slf4j.impl.StaticLoggerBinder".
SLF4J: Defaulting to no-operation (NOP) logger implementation
SLF4J: See http://www.slf4j.org/codes.html#StaticLoggerBinder for further details.
]]></system-err>
  </testcase>
  <testcase name="testTeacherRegister[Raj, raj@yopmail.com, john@123, 97931200000, 69366dad3e34b5e4dccc3c39|6965e6f1eaabe9581df9b031, 409](2)" classname="tests.TeacherRegisterTest" time="1.053">
    <failure message="1 expectation failed.&#10;Expected status code &lt;409&gt; but was &lt;400&gt;.&#10;" type="java.lang.AssertionError"><![CDATA[java.lang.AssertionError: 
1 expectation failed.
Expected status code <409> but was <400>.

	at java.base/jdk.internal.reflect.DirectConstructorHandleAccessor.newInstance(DirectConstructorHandleAccessor.java:62)
	at java.base/java.lang.reflect.Constructor.newInstanceWithCaller(Constructor.java:502)
	at java.base/java.lang.reflect.Constructor.newInstance(Constructor.java:486)
	at org.codehaus.groovy.reflection.CachedConstructor.invoke(CachedConstructor.java:73)
	at org.codehaus.groovy.runtime.callsite.ConstructorSite$ConstructorSiteNoUnwrapNoCoerce.callConstructor(ConstructorSite.java:108)
	at org.codehaus.groovy.runtime.callsite.CallSiteArray.defaultCallConstructor(CallSiteArray.java:57)
	at org.codehaus.groovy.runtime.callsite.AbstractCallSite.callConstructor(AbstractCallSite.java:263)
	at org.codehaus.groovy.runtime.callsite.AbstractCallSite.callConstructor(AbstractCallSite.java:277)
	at io.restassured.internal.ResponseSpecificationImpl$HamcrestAssertionClosure.validate(ResponseSpecificationImpl.groovy:512)
	at io.restassured.internal.ResponseSpecificationImpl$HamcrestAssertionClosure$validate$1.call(Unknown Source)
	at io.restassured.internal.ResponseSpecificationImpl.validateResponseIfRequired(ResponseSpecificationImpl.groovy:696)
	at io.restassured.internal.ResponseSpecificationImpl.this$2$validateResponseIfRequired(ResponseSpecificationImpl.groovy)
	at java.base/jdk.internal.reflect.DirectMethodHandleAccessor.invoke(DirectMethodHandleAccessor.java:103)
	at java.base/java.lang.reflect.Method.invoke(Method.java:580)
	at org.codehaus.groovy.runtime.callsite.PlainObjectMetaMethodSite.doInvoke(PlainObjectMetaMethodSite.java:43)
	at org.codehaus.groovy.runtime.callsite.PogoMetaMethodSite$PogoCachedMethodSiteNoUnwrapNoCoerce.invoke(PogoMetaMethodSite.java:198)
	at org.codehaus.groovy.runtime.callsite.PogoMetaMethodSite.callCurrent(PogoMetaMethodSite.java:62)
	at org.codehaus.groovy.runtime.callsite.AbstractCallSite.callCurrent(AbstractCallSite.java:185)
	at io.restassured.internal.ResponseSpecificationImpl.statusCode(ResponseSpecificationImpl.groovy:135)
	at io.restassured.specification.ResponseSpecification$statusCode$0.callCurrent(Unknown Source)
	at io.restassured.internal.ResponseSpecificationImpl.statusCode(ResponseSpecificationImpl.groovy:143)
	at io.restassured.internal.ValidatableResponseOptionsImpl.statusCode(ValidatableResponseOptionsImpl.java:89)
	at tests.TeacherRegisterTest.testTeacherRegister(TeacherRegisterTest.java:78)
	at java.base/jdk.internal.reflect.DirectMethodHandleAccessor.invoke(DirectMethodHandleAccessor.java:103)
	at java.base/java.lang.reflect.Method.invoke(Method.java:580)
	at org.testng.internal.invokers.MethodInvocationHelper.invokeMethod(MethodInvocationHelper.java:139)
	at org.testng.internal.invokers.TestInvoker.invokeMethod(TestInvoker.java:664)
	at org.testng.internal.invokers.TestInvoker.invokeTestMethod(TestInvoker.java:227)
	at org.testng.internal.invokers.MethodRunner.runInSequence(MethodRunner.java:50)
	at org.testng.internal.invokers.TestInvoker$MethodInvocationAgent.invoke(TestInvoker.java:957)
	at org.testng.internal.invokers.TestInvoker.invokeTestMethods(TestInvoker.java:200)
	at org.testng.internal.invokers.TestMethodWorker.invokeTestMethods(TestMethodWorker.java:148)
	at org.testng.internal.invokers.TestMethodWorker.run(TestMethodWorker.java:128)
	at java.base/java.util.ArrayList.forEach(ArrayList.java:1596)
	at org.testng.TestRunner.privateRun(TestRunner.java:848)
	at org.testng.TestRunner.run(TestRunner.java:621)
	at org.testng.SuiteRunner.runTest(SuiteRunner.java:443)
	at org.testng.SuiteRunner.runSequentially(SuiteRunner.java:437)
	at org.testng.SuiteRunner.privateRun(SuiteRunner.java:397)
	at org.testng.SuiteRunner.run(SuiteRunner.java:336)
	at org.testng.SuiteRunnerWorker.runSuite(SuiteRunnerWorker.java:52)
	at org.testng.SuiteRunnerWorker.run(SuiteRunnerWorker.java:95)
	at org.testng.TestNG.runSuitesSequentially(TestNG.java:1280)
	at org.testng.TestNG.runSuitesLocally(TestNG.java:1200)
	at org.testng.TestNG.runSuites(TestNG.java:1114)
	at org.testng.TestNG.run(TestNG.java:1082)
	at org.apache.maven.surefire.testng.TestNGExecutor.run(TestNGExecutor.java:308)
	at org.apache.maven.surefire.testng.TestNGXmlTestSuite.execute(TestNGXmlTestSuite.java:71)
	at org.apache.maven.surefire.testng.TestNGProvider.invoke(TestNGProvider.java:113)
	at org.apache.maven.surefire.booter.ForkedBooter.runSuitesInProcess(ForkedBooter.java:385)
	at org.apache.maven.surefire.booter.ForkedBooter.execute(ForkedBooter.java:162)
	at org.apache.maven.surefire.booter.ForkedBooter.run(ForkedBooter.java:507)
	at org.apache.maven.surefire.booter.ForkedBooter.main(ForkedBooter.java:495)
]]></failure>
    <system-out><![CDATA[Body:
{
    "password": "john@123",
    "courseIds": [
        "69366dad3e34b5e4dccc3c39",
        "6965e6f1eaabe9581df9b031"
    ],
    "phone": "97931200000",
    "name": "Raj",
    "email": "raj@yopmail.com"
}
HTTP/1.1 400 Bad Request
Date: Thu, 05 Feb 2026 12:45:13 GMT
Server: Apache/2.4.52 (Ubuntu)
Content-Security-Policy: default-src 'self';script-src 'self' https://cdn.jsdelivr.net https://cdnjs.cloudflare.com https://ajax.googleapis.com https://cdn.datatables.net https://code.jquery.com;style-src 'self' 'unsafe-inline' https://cdn.jsdelivr.net https://cdnjs.cloudflare.com https://cdn.datatables.net;font-src 'self' https://cdn.jsdelivr.net https://cdnjs.cloudflare.com;img-src 'self' data: blob: https://cdn.jsdelivr.net;connect-src 'self';base-uri 'self';form-action 'self';frame-ancestors 'self';object-src 'none';script-src-attr 'none';upgrade-insecure-requests
Cross-Origin-Opener-Policy: same-origin
Cross-Origin-Resource-Policy: same-origin
Origin-Agent-Cluster: ?1
Referrer-Policy: no-referrer
Strict-Transport-Security: max-age=31536000; includeSubDomains
X-Content-Type-Options: nosniff
X-DNS-Prefetch-Control: off
X-Download-Options: noopen
X-Frame-Options: SAMEORIGIN
X-Permitted-Cross-Domain-Policies: none
X-XSS-Protection: 0
Access-Control-Allow-Origin: *
Content-Type: application/json; charset=utf-8
Content-Length: 124
ETag: W/"7c-KcmivnV7la5Hsk1UlUVVYEOqWnI"
Connection: close

{
    "message": "E11000 duplicate key error collection: lms_pro.teachers index: email_1 dup key: { email: \"raj@yopmail.com\" }"
}
]]></system-out>
  </testcase>
  <testcase name="testTeacherRegister[, name@yopmail.com, john@123, 97931200000, 69366dad3e34b5e4dccc3c39|6965e6f1eaabe9581df9b031, 400](3)" classname="tests.TeacherRegisterTest" time="0.125">
    <system-out><![CDATA[Body:
{
    "password": "john@123",
    "courseIds": [
        "69366dad3e34b5e4dccc3c39",
        "6965e6f1eaabe9581df9b031"
    ],
    "phone": "97931200000",
    "name": "",
    "email": "name@yopmail.com"
}
HTTP/1.1 400 Bad Request
Date: Thu, 05 Feb 2026 12:45:13 GMT
Server: Apache/2.4.52 (Ubuntu)
Content-Security-Policy: default-src 'self';script-src 'self' https://cdn.jsdelivr.net https://cdnjs.cloudflare.com https://ajax.googleapis.com https://cdn.datatables.net https://code.jquery.com;style-src 'self' 'unsafe-inline' https://cdn.jsdelivr.net https://cdnjs.cloudflare.com https://cdn.datatables.net;font-src 'self' https://cdn.jsdelivr.net https://cdnjs.cloudflare.com;img-src 'self' data: blob: https://cdn.jsdelivr.net;connect-src 'self';base-uri 'self';form-action 'self';frame-ancestors 'self';object-src 'none';script-src-attr 'none';upgrade-insecure-requests
Cross-Origin-Opener-Policy: same-origin
Cross-Origin-Resource-Policy: same-origin
Origin-Agent-Cluster: ?1
Referrer-Policy: no-referrer
Strict-Transport-Security: max-age=31536000; includeSubDomains
X-Content-Type-Options: nosniff
X-DNS-Prefetch-Control: off
X-Download-Options: noopen
X-Frame-Options: SAMEORIGIN
X-Permitted-Cross-Domain-Policies: none
X-XSS-Protection: 0
Access-Control-Allow-Origin: *
Content-Type: application/json; charset=utf-8
Content-Length: 71
ETag: W/"47-sYvn1baUvmMY3BocVE6CYTbBZ3s"
Connection: close

{
    "message": "Teacher validation failed: name: Path `name` is required."
}
]]></system-out>
  </testcase>
  <testcase name="testTeacherRegister[Vishal Shukla, vishal@.com, Vishal@123, 123456789, 69366dad3e34b5e4dccc3c39, 422](4)" classname="tests.TeacherRegisterTest" time="0.987">
    <failure message="1 expectation failed.&#10;Expected status code &lt;422&gt; but was &lt;400&gt;.&#10;" type="java.lang.AssertionError"><![CDATA[java.lang.AssertionError: 
1 expectation failed.
Expected status code <422> but was <400>.

	at java.base/jdk.internal.reflect.DirectConstructorHandleAccessor.newInstance(DirectConstructorHandleAccessor.java:62)
	at java.base/java.lang.reflect.Constructor.newInstanceWithCaller(Constructor.java:502)
	at java.base/java.lang.reflect.Constructor.newInstance(Constructor.java:486)
	at org.codehaus.groovy.reflection.CachedConstructor.invoke(CachedConstructor.java:73)
	at org.codehaus.groovy.runtime.callsite.ConstructorSite$ConstructorSiteNoUnwrapNoCoerce.callConstructor(ConstructorSite.java:108)
	at org.codehaus.groovy.runtime.callsite.AbstractCallSite.callConstructor(AbstractCallSite.java:277)
	at io.restassured.internal.ResponseSpecificationImpl$HamcrestAssertionClosure.validate(ResponseSpecificationImpl.groovy:512)
	at io.restassured.internal.ResponseSpecificationImpl$HamcrestAssertionClosure$validate$1.call(Unknown Source)
	at io.restassured.internal.ResponseSpecificationImpl.validateResponseIfRequired(ResponseSpecificationImpl.groovy:696)
	at io.restassured.internal.ResponseSpecificationImpl.this$2$validateResponseIfRequired(ResponseSpecificationImpl.groovy)
	at java.base/jdk.internal.reflect.DirectMethodHandleAccessor.invoke(DirectMethodHandleAccessor.java:103)
	at java.base/java.lang.reflect.Method.invoke(Method.java:580)
	at org.codehaus.groovy.runtime.callsite.PlainObjectMetaMethodSite.doInvoke(PlainObjectMetaMethodSite.java:43)
	at org.codehaus.groovy.runtime.callsite.PogoMetaMethodSite$PogoCachedMethodSiteNoUnwrapNoCoerce.invoke(PogoMetaMethodSite.java:198)
	at org.codehaus.groovy.runtime.callsite.PogoMetaMethodSite.callCurrent(PogoMetaMethodSite.java:62)
	at org.codehaus.groovy.runtime.callsite.AbstractCallSite.callCurrent(AbstractCallSite.java:185)
	at io.restassured.internal.ResponseSpecificationImpl.statusCode(ResponseSpecificationImpl.groovy:135)
	at io.restassured.specification.ResponseSpecification$statusCode$0.callCurrent(Unknown Source)
	at io.restassured.internal.ResponseSpecificationImpl.statusCode(ResponseSpecificationImpl.groovy:143)
	at io.restassured.internal.ValidatableResponseOptionsImpl.statusCode(ValidatableResponseOptionsImpl.java:89)
	at tests.TeacherRegisterTest.testTeacherRegister(TeacherRegisterTest.java:78)
	at java.base/jdk.internal.reflect.DirectMethodHandleAccessor.invoke(DirectMethodHandleAccessor.java:103)
	at java.base/java.lang.reflect.Method.invoke(Method.java:580)
	at org.testng.internal.invokers.MethodInvocationHelper.invokeMethod(MethodInvocationHelper.java:139)
	at org.testng.internal.invokers.TestInvoker.invokeMethod(TestInvoker.java:664)
	at org.testng.internal.invokers.TestInvoker.invokeTestMethod(TestInvoker.java:227)
	at org.testng.internal.invokers.MethodRunner.runInSequence(MethodRunner.java:50)
	at org.testng.internal.invokers.TestInvoker$MethodInvocationAgent.invoke(TestInvoker.java:957)
	at org.testng.internal.invokers.TestInvoker.invokeTestMethods(TestInvoker.java:200)
	at org.testng.internal.invokers.TestMethodWorker.invokeTestMethods(TestMethodWorker.java:148)
	at org.testng.internal.invokers.TestMethodWorker.run(TestMethodWorker.java:128)
	at java.base/java.util.ArrayList.forEach(ArrayList.java:1596)
	at org.testng.TestRunner.privateRun(TestRunner.java:848)
	at org.testng.TestRunner.run(TestRunner.java:621)
	at org.testng.SuiteRunner.runTest(SuiteRunner.java:443)
	at org.testng.SuiteRunner.runSequentially(SuiteRunner.java:437)
	at org.testng.SuiteRunner.privateRun(SuiteRunner.java:397)
	at org.testng.SuiteRunner.run(SuiteRunner.java:336)
	at org.testng.SuiteRunnerWorker.runSuite(SuiteRunnerWorker.java:52)
	at org.testng.SuiteRunnerWorker.run(SuiteRunnerWorker.java:95)
	at org.testng.TestNG.runSuitesSequentially(TestNG.java:1280)
	at org.testng.TestNG.runSuitesLocally(TestNG.java:1200)
	at org.testng.TestNG.runSuites(TestNG.java:1114)
	at org.testng.TestNG.run(TestNG.java:1082)
	at org.apache.maven.surefire.testng.TestNGExecutor.run(TestNGExecutor.java:308)
	at org.apache.maven.surefire.testng.TestNGXmlTestSuite.execute(TestNGXmlTestSuite.java:71)
	at org.apache.maven.surefire.testng.TestNGProvider.invoke(TestNGProvider.java:113)
	at org.apache.maven.surefire.booter.ForkedBooter.runSuitesInProcess(ForkedBooter.java:385)
	at org.apache.maven.surefire.booter.ForkedBooter.execute(ForkedBooter.java:162)
	at org.apache.maven.surefire.booter.ForkedBooter.run(ForkedBooter.java:507)
	at org.apache.maven.surefire.booter.ForkedBooter.main(ForkedBooter.java:495)
]]></failure>
    <system-out><![CDATA[Body:
{
    "password": "Vishal@123",
    "courseIds": [
        "69366dad3e34b5e4dccc3c39"
    ],
    "phone": "123456789",
    "name": "Vishal Shukla",
    "email": "vishal@.com"
}
HTTP/1.1 400 Bad Request
Date: Thu, 05 Feb 2026 12:45:14 GMT
Server: Apache/2.4.52 (Ubuntu)
Content-Security-Policy: default-src 'self';script-src 'self' https://cdn.jsdelivr.net https://cdnjs.cloudflare.com https://ajax.googleapis.com https://cdn.datatables.net https://code.jquery.com;style-src 'self' 'unsafe-inline' https://cdn.jsdelivr.net https://cdnjs.cloudflare.com https://cdn.datatables.net;font-src 'self' https://cdn.jsdelivr.net https://cdnjs.cloudflare.com;img-src 'self' data: blob: https://cdn.jsdelivr.net;connect-src 'self';base-uri 'self';form-action 'self';frame-ancestors 'self';object-src 'none';script-src-attr 'none';upgrade-insecure-requests
Cross-Origin-Opener-Policy: same-origin
Cross-Origin-Resource-Policy: same-origin
Origin-Agent-Cluster: ?1
Referrer-Policy: no-referrer
Strict-Transport-Security: max-age=31536000; includeSubDomains
X-Content-Type-Options: nosniff
X-DNS-Prefetch-Control: off
X-Download-Options: noopen
X-Frame-Options: SAMEORIGIN
X-Permitted-Cross-Domain-Policies: none
X-XSS-Protection: 0
Access-Control-Allow-Origin: *
Content-Type: application/json; charset=utf-8
Content-Length: 120
ETag: W/"78-WnUkB02BP2l1DPSgwkz6WQuT/Po"
Connection: close

{
    "message": "E11000 duplicate key error collection: lms_pro.teachers index: email_1 dup key: { email: \"vishal@.com\" }"
}
]]></system-out>
  </testcase>
  <testcase name="testTeacherRegister[Pravishi, pravishi@yopmail.com, Vishal@123, 113456789, 69366dad3e34b5e4dccc, 422](5)" classname="tests.TeacherRegisterTest" time="0.101">
    <failure message="1 expectation failed.&#10;Expected status code &lt;422&gt; but was &lt;400&gt;.&#10;" type="java.lang.AssertionError"><![CDATA[java.lang.AssertionError: 
1 expectation failed.
Expected status code <422> but was <400>.

	at java.base/jdk.internal.reflect.DirectConstructorHandleAccessor.newInstance(DirectConstructorHandleAccessor.java:62)
	at java.base/java.lang.reflect.Constructor.newInstanceWithCaller(Constructor.java:502)
	at java.base/java.lang.reflect.Constructor.newInstance(Constructor.java:486)
	at org.codehaus.groovy.reflection.CachedConstructor.invoke(CachedConstructor.java:73)
	at org.codehaus.groovy.runtime.callsite.ConstructorSite$ConstructorSiteNoUnwrapNoCoerce.callConstructor(ConstructorSite.java:108)
	at org.codehaus.groovy.runtime.callsite.AbstractCallSite.callConstructor(AbstractCallSite.java:277)
	at io.restassured.internal.ResponseSpecificationImpl$HamcrestAssertionClosure.validate(ResponseSpecificationImpl.groovy:512)
	at io.restassured.internal.ResponseSpecificationImpl$HamcrestAssertionClosure$validate$1.call(Unknown Source)
	at io.restassured.internal.ResponseSpecificationImpl.validateResponseIfRequired(ResponseSpecificationImpl.groovy:696)
	at io.restassured.internal.ResponseSpecificationImpl.this$2$validateResponseIfRequired(ResponseSpecificationImpl.groovy)
	at java.base/jdk.internal.reflect.DirectMethodHandleAccessor.invoke(DirectMethodHandleAccessor.java:103)
	at java.base/java.lang.reflect.Method.invoke(Method.java:580)
	at org.codehaus.groovy.runtime.callsite.PlainObjectMetaMethodSite.doInvoke(PlainObjectMetaMethodSite.java:43)
	at org.codehaus.groovy.runtime.callsite.PogoMetaMethodSite$PogoCachedMethodSiteNoUnwrapNoCoerce.invoke(PogoMetaMethodSite.java:198)
	at org.codehaus.groovy.runtime.callsite.PogoMetaMethodSite.callCurrent(PogoMetaMethodSite.java:62)
	at org.codehaus.groovy.runtime.callsite.AbstractCallSite.callCurrent(AbstractCallSite.java:185)
	at io.restassured.internal.ResponseSpecificationImpl.statusCode(ResponseSpecificationImpl.groovy:135)
	at io.restassured.specification.ResponseSpecification$statusCode$0.callCurrent(Unknown Source)
	at io.restassured.internal.ResponseSpecificationImpl.statusCode(ResponseSpecificationImpl.groovy:143)
	at io.restassured.internal.ValidatableResponseOptionsImpl.statusCode(ValidatableResponseOptionsImpl.java:89)
	at tests.TeacherRegisterTest.testTeacherRegister(TeacherRegisterTest.java:78)
	at java.base/jdk.internal.reflect.DirectMethodHandleAccessor.invoke(DirectMethodHandleAccessor.java:103)
	at java.base/java.lang.reflect.Method.invoke(Method.java:580)
	at org.testng.internal.invokers.MethodInvocationHelper.invokeMethod(MethodInvocationHelper.java:139)
	at org.testng.internal.invokers.TestInvoker.invokeMethod(TestInvoker.java:664)
	at org.testng.internal.invokers.TestInvoker.invokeTestMethod(TestInvoker.java:227)
	at org.testng.internal.invokers.MethodRunner.runInSequence(MethodRunner.java:50)
	at org.testng.internal.invokers.TestInvoker$MethodInvocationAgent.invoke(TestInvoker.java:957)
	at org.testng.internal.invokers.TestInvoker.invokeTestMethods(TestInvoker.java:200)
	at org.testng.internal.invokers.TestMethodWorker.invokeTestMethods(TestMethodWorker.java:148)
	at org.testng.internal.invokers.TestMethodWorker.run(TestMethodWorker.java:128)
	at java.base/java.util.ArrayList.forEach(ArrayList.java:1596)
	at org.testng.TestRunner.privateRun(TestRunner.java:848)
	at org.testng.TestRunner.run(TestRunner.java:621)
	at org.testng.SuiteRunner.runTest(SuiteRunner.java:443)
	at org.testng.SuiteRunner.runSequentially(SuiteRunner.java:437)
	at org.testng.SuiteRunner.privateRun(SuiteRunner.java:397)
	at org.testng.SuiteRunner.run(SuiteRunner.java:336)
	at org.testng.SuiteRunnerWorker.runSuite(SuiteRunnerWorker.java:52)
	at org.testng.SuiteRunnerWorker.run(SuiteRunnerWorker.java:95)
	at org.testng.TestNG.runSuitesSequentially(TestNG.java:1280)
	at org.testng.TestNG.runSuitesLocally(TestNG.java:1200)
	at org.testng.TestNG.runSuites(TestNG.java:1114)
	at org.testng.TestNG.run(TestNG.java:1082)
	at org.apache.maven.surefire.testng.TestNGExecutor.run(TestNGExecutor.java:308)
	at org.apache.maven.surefire.testng.TestNGXmlTestSuite.execute(TestNGXmlTestSuite.java:71)
	at org.apache.maven.surefire.testng.TestNGProvider.invoke(TestNGProvider.java:113)
	at org.apache.maven.surefire.booter.ForkedBooter.runSuitesInProcess(ForkedBooter.java:385)
	at org.apache.maven.surefire.booter.ForkedBooter.execute(ForkedBooter.java:162)
	at org.apache.maven.surefire.booter.ForkedBooter.run(ForkedBooter.java:507)
	at org.apache.maven.surefire.booter.ForkedBooter.main(ForkedBooter.java:495)
]]></failure>
    <system-out><![CDATA[Body:
{
    "password": "Vishal@123",
    "courseIds": [
        "69366dad3e34b5e4dccc"
    ],
    "phone": "113456789",
    "name": "Pravishi",
    "email": "pravishi@yopmail.com"
}
HTTP/1.1 400 Bad Request
Date: Thu, 05 Feb 2026 12:45:14 GMT
Server: Apache/2.4.52 (Ubuntu)
Content-Security-Policy: default-src 'self';script-src 'self' https://cdn.jsdelivr.net https://cdnjs.cloudflare.com https://ajax.googleapis.com https://cdn.datatables.net https://code.jquery.com;style-src 'self' 'unsafe-inline' https://cdn.jsdelivr.net https://cdnjs.cloudflare.com https://cdn.datatables.net;font-src 'self' https://cdn.jsdelivr.net https://cdnjs.cloudflare.com;img-src 'self' data: blob: https://cdn.jsdelivr.net;connect-src 'self';base-uri 'self';form-action 'self';frame-ancestors 'self';object-src 'none';script-src-attr 'none';upgrade-insecure-requests
Cross-Origin-Opener-Policy: same-origin
Cross-Origin-Resource-Policy: same-origin
Origin-Agent-Cluster: ?1
Referrer-Policy: no-referrer
Strict-Transport-Security: max-age=31536000; includeSubDomains
X-Content-Type-Options: nosniff
X-DNS-Prefetch-Control: off
X-Download-Options: noopen
X-Frame-Options: SAMEORIGIN
X-Permitted-Cross-Domain-Policies: none
X-XSS-Protection: 0
Access-Control-Allow-Origin: *
Content-Type: application/json; charset=utf-8
Content-Length: 179
ETag: W/"b3-jX1DVVK9epD69KkkmmIWHeA32nk"
Connection: close

{
    "message": "Teacher validation failed: courses.0: Cast to [ObjectId] failed for value \"[ '69366dad3e34b5e4dccc' ]\" (type string) at path \"courses.0\" because of \"CastError\""
}
]]></system-out>
  </testcase>
</testsuite>